<?xml version="1.0" encoding="UTF-8"?>
<!-- Generated by org.testng.reporters.JUnitReportReporter -->
<testsuite skipped="0" hostname="NMLTTW0126" name="walletHub_assignment2.RahulShetty" tests="1" failures="0" timestamp="30 Apr 2020 10:51:23 GMT" time="12.068" errors="0">
  <testcase name="MycoursePage" time="12.068" classname="walletHub_assignment2.RahulShetty"/>
</testsuite> <!-- walletHub_assignment2.RahulShetty -->
